# JRE version: Java(TM) SE Runtime Environment (8.0_11-b12) (build 1.8.0_11-b12)
# Java VM: Java HotSpot(TM) 64-Bit Server VM (25.11-b03 mixed mode linux-amd64 compressed oops)
Heap:
 PSYoungGen      total 13824K, used 9579K [0x000000076cf00000, 0x000000076df00000, 0x00000007c0000000)
  eden space 12800K, 66% used [0x000000076cf00000,0x000000076d75e968,0x000000076db80000)
  from space 1024K, 98% used [0x000000076dd00000,0x000000076ddfc2b0,0x000000076de00000)
  to   space 1536K, 0% used [0x000000076db80000,0x000000076db80000,0x000000076dd00000)
 ParOldGen       total 254464K, used 1730K [0x00000006c6c00000, 0x00000006d6480000, 0x000000076cf00000)
  object space 254464K, 0% used [0x00000006c6c00000,0x00000006c6db08c0,0x00000006d6480000)
 Metaspace       used 10349K, capacity 10596K, committed 10880K, reserved 1058816K
  class space    used 1257K, capacity 1316K, committed 1408K, reserved 1048576K
GC Heap History (10 events):
Event: 0,175 GC heap before
{Heap before GC invocations=6 (full 0):
 PSYoungGen      total 2560K, used 2528K [0x000000076cf00000, 0x000000076d500000, 0x00000007c0000000)
  eden space 2048K, 100% used [0x000000076cf00000,0x000000076d100000,0x000000076d100000)
  from space 512K, 93% used [0x000000076d100000,0x000000076d178020,0x000000076d180000)
  to   space 1024K, 0% used [0x000000076d400000,0x000000076d400000,0x000000076d500000)
 ParOldGen       total 254464K, used 470K [0x00000006c6c00000, 0x00000006d6480000, 0x000000076cf00000)
  object space 254464K, 0% used [0x00000006c6c00000,0x00000006c6c75968,0x00000006d6480000)
 Metaspace       used 3575K, capacity 4792K, committed 5120K, reserved 1056768K
  class space    used 392K, capacity 424K, committed 512K, reserved 1048576K
Event: 0,176 GC heap after
Heap after GC invocations=6 (full 0):
 PSYoungGen      total 5120K, used 688K [0x000000076cf00000, 0x000000076d500000, 0x00000007c0000000)
  eden space 4096K, 0% used [0x000000076cf00000,0x000000076cf00000,0x000000076d300000)
  from space 1024K, 67% used [0x000000076d400000,0x000000076d4ac010,0x000000076d500000)
  to   space 1024K, 0% used [0x000000076d300000,0x000000076d300000,0x000000076d400000)
 ParOldGen       total 254464K, used 478K [0x00000006c6c00000, 0x00000006d6480000, 0x000000076cf00000)
  object space 254464K, 0% used [0x00000006c6c00000,0x00000006c6c77968,0x00000006d6480000)
 Metaspace       used 3575K, capacity 4792K, committed 5120K, reserved 1056768K
  class space    used 392K, capacity 424K, committed 512K, reserved 1048576K
}
Event: 0,229 GC heap before
{Heap before GC invocations=7 (full 0):
 PSYoungGen      total 5120K, used 4784K [0x000000076cf00000, 0x000000076d500000, 0x00000007c0000000)
  eden space 4096K, 100% used [0x000000076cf00000,0x000000076d300000,0x000000076d300000)
  from space 1024K, 67% used [0x000000076d400000,0x000000076d4ac010,0x000000076d500000)
  to   space 1024K, 0% used [0x000000076d300000,0x000000076d300000,0x000000076d400000)
 ParOldGen       total 254464K, used 478K [0x00000006c6c00000, 0x00000006d6480000, 0x000000076cf00000)
  object space 254464K, 0% used [0x00000006c6c00000,0x00000006c6c77968,0x00000006d6480000)
 Metaspace       used 4790K, capacity 5056K, committed 5248K, reserved 1056768K
  class space    used 548K, capacity 560K, committed 640K, reserved 1048576K
Event: 0,231 GC heap after
Heap after GC invocations=7 (full 0):
 PSYoungGen      total 5120K, used 688K [0x000000076cf00000, 0x000000076d900000, 0x00000007c0000000)
  eden space 4096K, 0% used [0x000000076cf00000,0x000000076cf00000,0x000000076d300000)
  from space 1024K, 67% used [0x000000076d300000,0x000000076d3ac020,0x000000076d400000)
  to   space 1024K, 0% used [0x000000076d800000,0x000000076d800000,0x000000076d900000)
 ParOldGen       total 254464K, used 746K [0x00000006c6c00000, 0x00000006d6480000, 0x000000076cf00000)
  object space 254464K, 0% used [0x00000006c6c00000,0x00000006c6cba9c8,0x00000006d6480000)
 Metaspace       used 4790K, capacity 5056K, committed 5248K, reserved 1056768K
  class space    used 548K, capacity 560K, committed 640K, reserved 1048576K
}
Event: 0,268 GC heap before
{Heap before GC invocations=8 (full 0):
 PSYoungGen      total 5120K, used 4784K [0x000000076cf00000, 0x000000076d900000, 0x00000007c0000000)
  eden space 4096K, 100% used [0x000000076cf00000,0x000000076d300000,0x000000076d300000)
  from space 1024K, 67% used [0x000000076d300000,0x000000076d3ac020,0x000000076d400000)
  to   space 1024K, 0% used [0x000000076d800000,0x000000076d800000,0x000000076d900000)
 ParOldGen       total 254464K, used 746K [0x00000006c6c00000, 0x00000006d6480000, 0x000000076cf00000)
  object space 254464K, 0% used [0x00000006c6c00000,0x00000006c6cba9c8,0x00000006d6480000)
 Metaspace       used 5396K, capacity 5520K, committed 5632K, reserved 1056768K
  class space    used 639K, capacity 688K, committed 768K, reserved 1048576K
Event: 0,269 GC heap after
Heap after GC invocations=8 (full 0):
 PSYoungGen      total 9216K, used 640K [0x000000076cf00000, 0x000000076d900000, 0x00000007c0000000)
  eden space 8192K, 0% used [0x000000076cf00000,0x000000076cf00000,0x000000076d700000)
  from space 1024K, 62% used [0x000000076d800000,0x000000076d8a0010,0x000000076d900000)
  to   space 1024K, 0% used [0x000000076d700000,0x000000076d700000,0x000000076d800000)
 ParOldGen       total 254464K, used 882K [0x00000006c6c00000, 0x00000006d6480000, 0x000000076cf00000)
  object space 254464K, 0% used [0x00000006c6c00000,0x00000006c6cdc9c8,0x00000006d6480000)
 Metaspace       used 5396K, capacity 5520K, committed 5632K, reserved 1056768K
  class space    used 639K, capacity 688K, committed 768K, reserved 1048576K
}
Event: 0,370 GC heap before
{Heap before GC invocations=9 (full 0):
 PSYoungGen      total 9216K, used 8832K [0x000000076cf00000, 0x000000076d900000, 0x00000007c0000000)
  eden space 8192K, 100% used [0x000000076cf00000,0x000000076d700000,0x000000076d700000)
  from space 1024K, 62% used [0x000000076d800000,0x000000076d8a0010,0x000000076d900000)
  to   space 1024K, 0% used [0x000000076d700000,0x000000076d700000,0x000000076d800000)
 ParOldGen       total 254464K, used 882K [0x00000006c6c00000, 0x00000006d6480000, 0x000000076cf00000)
  object space 254464K, 0% used [0x00000006c6c00000,0x00000006c6cdc9c8,0x00000006d6480000)
 Metaspace       used 6638K, capacity 6780K, committed 7040K, reserved 1056768K
  class space    used 818K, capacity 852K, committed 896K, reserved 1048576K
Event: 0,371 GC heap after
Heap after GC invocations=9 (full 0):
 PSYoungGen      total 9216K, used 973K [0x000000076cf00000, 0x000000076de00000, 0x00000007c0000000)
  eden space 8192K, 0% used [0x000000076cf00000,0x000000076cf00000,0x000000076d700000)
  from space 1024K, 95% used [0x000000076d700000,0x000000076d7f3468,0x000000076d800000)
  to   space 1024K, 0% used [0x000000076dd00000,0x000000076dd00000,0x000000076de00000)
 ParOldGen       total 254464K, used 1009K [0x00000006c6c00000, 0x00000006d6480000, 0x000000076cf00000)
  object space 254464K, 0% used [0x00000006c6c00000,0x00000006c6cfc630,0x00000006d6480000)
 Metaspace       used 6638K, capacity 6780K, committed 7040K, reserved 1056768K
  class space    used 818K, capacity 852K, committed 896K, reserved 1048576K
}
Event: 0,522 GC heap before
{Heap before GC invocations=10 (full 0):
 PSYoungGen      total 9216K, used 9165K [0x000000076cf00000, 0x000000076de00000, 0x00000007c0000000)
  eden space 8192K, 100% used [0x000000076cf00000,0x000000076d700000,0x000000076d700000)
  from space 1024K, 95% used [0x000000076d700000,0x000000076d7f3468,0x000000076d800000)
  to   space 1024K, 0% used [0x000000076dd00000,0x000000076dd00000,0x000000076de00000)
 ParOldGen       total 254464K, used 1009K [0x00000006c6c00000, 0x00000006d6480000, 0x000000076cf00000)
  object space 254464K, 0% used [0x00000006c6c00000,0x00000006c6cfc630,0x00000006d6480000)
 Metaspace       used 8373K, capacity 8572K, committed 8832K, reserved 1056768K
  class space    used 1017K, capacity 1044K, committed 1152K, reserved 1048576K
Event: 0,524 GC heap after
Heap after GC invocations=10 (full 0):
 PSYoungGen      total 13824K, used 1008K [0x000000076cf00000, 0x000000076df00000, 0x00000007c0000000)
  eden space 12800K, 0% used [0x000000076cf00000,0x000000076cf00000,0x000000076db80000)
  from space 1024K, 98% used [0x000000076dd00000,0x000000076ddfc2b0,0x000000076de00000)
  to   space 1536K, 0% used [0x000000076db80000,0x000000076db80000,0x000000076dd00000)
 ParOldGen       total 254464K, used 1730K [0x00000006c6c00000, 0x00000006d6480000, 0x000000076cf00000)
  object space 254464K, 0% used [0x00000006c6c00000,0x00000006c6db08c0,0x00000006d6480000)
 Metaspace       used 8373K, capacity 8572K, committed 8832K, reserved 1056768K
  class space    used 1017K, capacity 1044K, committed 1152K, reserved 1048576K
}

